<?xml version="1.0" encoding="UTF-8"?>
<!-- Generated by org.testng.reporters.JUnitReportReporter -->
<testsuite skipped="0" hostname="LAPTOP-RBH81848" name="org.iit.healthcare.selassingments.Fees" tests="1" failures="0" timestamp="03 Oct 2021 03:24:57 GMT" time="18.316" errors="0">
  <testcase name="feeinfo" time="18.316" classname="org.iit.healthcare.selassingments.Fees"/>
</testsuite> <!-- org.iit.healthcare.selassingments.Fees -->
