<?xml version="1.0" encoding="UTF-8"?>
<!-- Generated by org.testng.reporters.JUnitReportReporter -->
<testsuite skipped="0" hostname="LAPTOP-RBH81848" name="org.iit.healthcare.selassingments.Top5Gainers" tests="1" failures="0" timestamp="13 Oct 2021 14:19:22 GMT" time="9.147" errors="0">
  <testcase name="validateData" time="9.147" classname="org.iit.healthcare.selassingments.Top5Gainers"/>
</testsuite> <!-- org.iit.healthcare.selassingments.Top5Gainers -->
